<?xml version="1.0" encoding="UTF-8"?>
<!-- Generated by org.testng.reporters.JUnitXMLReporter -->
<testsuite ignored="2" hostname="SF-LAP-439" failures="0" tests="1" name="Default test(failed)" time="9.507" errors="0" timestamp="2023-02-08T17:43:13 IST">
  <testcase classname="org.selenium.qa.testcases.HomePageTest" name="verifyContactsPage" time="1.789"/>
  <testcase classname="org.selenium.qa.testcases.HomePageTest" name="verifyUserName" time="0.0">
    <ignored/>
  </testcase> <!-- verifyUserName -->
  <testcase classname="org.selenium.qa.testcases.HomePageTest" name="verifyHomePageTitle" time="0.0">
    <ignored/>
  </testcase> <!-- verifyHomePageTitle -->
</testsuite> <!-- Default test(failed) -->
