<?xml version="1.0" encoding="UTF-8"?>
<!-- Generated by org.testng.reporters.JUnitXMLReporter -->
<testsuite ignored="0" hostname="SF-LAP-439" failures="0" tests="2" name="Default test(failed)" time="12.367" errors="0" timestamp="2023-03-03T18:28:44 IST">
  <testcase classname="org.selenium.qa.testcases.LoginPageTest" name="loginPageTitleTest" time="0.271"/>
  <testcase classname="org.selenium.qa.testcases.LoginPageTest" name="loginTest" time="0.534"/>
</testsuite> <!-- Default test(failed) -->
