<?xml version="1.0" encoding="UTF-8"?>
<!-- Generated by org.testng.reporters.JUnitXMLReporter -->
<testsuite ignored="2" hostname="SF-LAP-439" failures="1" tests="4" name=" Test Cases Execution" time="13.09" errors="0" timestamp="2023-03-13T11:36:25 IST">
  <testcase classname="org.selenium.qa.testcases.LoginPageTest" name="loginPageTitleTest" time="0.018"/>
  <testcase classname="org.selenium.qa.testcases.LoginPageTest" name="loginTest" time="0.303"/>
  <testcase classname="org.selenium.qa.testcases.HomePageTest" name="verifyHomePageTitle" time="0.009">
    <failure type="java.lang.AssertionError" message="Home Page Title is Invalid expected [Cogmento CRMA] but found [Cogmento CRM]">
      <![CDATA[java.lang.AssertionError: Home Page Title is Invalid expected [Cogmento CRMA] but found [Cogmento CRM]
at org.selenium.qa.testcases.HomePageTest.verifyHomePageTitle(HomePageTest.java:37)
at java.base/java.util.ArrayList.forEach(ArrayList.java:1541)
... Removed 32 stack frames]]>
    </failure>
  </testcase> <!-- verifyHomePageTitle -->
  <testcase classname="org.selenium.qa.testcases.HomePageTest" name="verifyUserName" time="1.47"/>
  <testcase classname="org.selenium.qa.baseclass.ExtentReport" name="@BeforeSuite setReport" time="0.0">
    <ignored/>
  </testcase> <!-- @BeforeSuite setReport -->
  <testcase classname="org.selenium.qa.baseclass.ExtentReport" name="@AfterSuite endExtentReport" time="0.0">
    <ignored/>
  </testcase> <!-- @AfterSuite endExtentReport -->
</testsuite> <!--  Test Cases Execution -->
